<?xml version="1.0" encoding="UTF-8"?>
<!-- Generated by org.testng.reporters.JUnitReportReporter -->
<testsuite hostname="Ajays-MacBook-Air.local" failures="0" tests="3" name="TestNG.DependencyTC" time="0.020" errors="0" timestamp="2021-09-27T11:36:59 IST" skipped="0">
  <testcase classname="TestNG.DependencyTC" name="receiveFriendRequest" time="0.002"/>
  <system-out/>
  <testcase classname="TestNG.DependencyTC" name="sendFriendRequest" time="0.003"/>
  <system-out/>
  <testcase classname="TestNG.DependencyTC" name="login" time="0.015"/>
  <system-out/>
</testsuite> <!-- TestNG.DependencyTC -->
