<?xml version="1.0" encoding="UTF-8"?>
<!-- Generated by org.testng.reporters.JUnitReportReporter -->
<testsuite hostname="Ajays-MacBook-Air.local" failures="0" tests="2" name="TestNG.AnnotationsDemo" time="0.014" errors="0" timestamp="2021-09-27T14:42:36 IST" skipped="0">
  <testcase classname="TestNG.AnnotationsDemo" name="validateLogin" time="0.012"/>
  <system-out/>
  <testcase classname="TestNG.AnnotationsDemo" name="validateTitle" time="0.002"/>
  <system-out/>
</testsuite> <!-- TestNG.AnnotationsDemo -->
