<?xml version="1.0" encoding="UTF-8"?>
<!-- Generated by org.testng.reporters.JUnitReportReporter -->
<testsuite hostname="Ajays-MacBook-Air.local" failures="0" tests="4" name="TestNG.LoginPage" time="0.013" errors="0" timestamp="2021-09-27T14:49:13 IST" skipped="0">
  <testcase classname="TestNG.LoginPage" name="web3" time="0.002"/>
  <system-out/>
  <testcase classname="TestNG.LoginPage" name="web1" time="0.009"/>
  <system-out/>
  <testcase classname="TestNG.LoginPage" name="web4" time="0.001"/>
  <system-out/>
  <testcase classname="TestNG.LoginPage" name="web2" time="0.001"/>
  <system-out/>
</testsuite> <!-- TestNG.LoginPage -->
