<?xml version="1.0" encoding="UTF-8"?>
<!-- Generated by org.testng.reporters.JUnitReportReporter -->
<testsuite hostname="Ajays-MacBook-Air.local" failures="0" tests="2" name="TestNG.AnnotationsDemo" time="0.024" errors="0" timestamp="2021-09-27T11:24:04 IST" skipped="0">
  <testcase classname="TestNG.AnnotationsDemo" name="validateTitle" time="0.010"/>
  <system-out/>
  <testcase classname="TestNG.AnnotationsDemo" name="validateLogin" time="0.014"/>
  <system-out/>
</testsuite> <!-- TestNG.AnnotationsDemo -->
