<?xml version="1.0" encoding="UTF-8"?>
<!-- Generated by org.testng.reporters.JUnitReportReporter -->
<testsuite hostname="Ajays-MacBook-Air.local" failures="0" tests="4" name="TestNG.ClassLevel" time="0.012" errors="0" timestamp="2021-09-27T14:37:18 IST" skipped="0">
  <testcase classname="TestNG.ClassLevel" name="tc3" time="0.002"/>
  <system-out/>
  <testcase classname="TestNG.ClassLevel" name="tc2" time="0.002"/>
  <system-out/>
  <testcase classname="TestNG.ClassLevel" name="tc4" time="0.006"/>
  <system-out/>
  <testcase classname="TestNG.ClassLevel" name="tc1" time="0.002"/>
  <system-out/>
</testsuite> <!-- TestNG.ClassLevel -->
