<?xml version="1.0" encoding="UTF-8"?>
<!-- Generated by org.testng.reporters.JUnitReportReporter -->
<testsuite hostname="Ajays-MacBook-Air.local" failures="0" tests="4" name="TestNG.ClassLevel" time="0.016" errors="0" timestamp="2021-09-27T11:29:58 IST" skipped="0">
  <testcase classname="TestNG.ClassLevel" name="tc3" time="0.007"/>
  <system-out/>
  <testcase classname="TestNG.ClassLevel" name="tc2" time="0.005"/>
  <system-out/>
  <testcase classname="TestNG.ClassLevel" name="tc4" time="0.001"/>
  <system-out/>
  <testcase classname="TestNG.ClassLevel" name="tc1" time="0.003"/>
  <system-out/>
</testsuite> <!-- TestNG.ClassLevel -->
