<?xml version="1.0" encoding="UTF-8"?>
<!-- Generated by org.testng.reporters.JUnitReportReporter -->
<testsuite hostname="Ajays-MacBook-Air.local" failures="0" tests="4" name="TestNG.DataProviderDemo" time="0.021" errors="0" timestamp="2021-09-27T15:30:07 IST" skipped="0">
  <testcase classname="TestNG.DataProviderDemo" name="login" time="0.003"/>
  <system-out/>
  <testcase classname="TestNG.DataProviderDemo" name="login" time="0.010"/>
  <system-out/>
  <testcase classname="TestNG.DataProviderDemo" name="login" time="0.003"/>
  <system-out/>
  <testcase classname="TestNG.DataProviderDemo" name="login" time="0.005"/>
  <system-out/>
</testsuite> <!-- TestNG.DataProviderDemo -->
